{"/Volumes/D/Coding/AAL-Udacity/reactnd-project-would-you-rather-starter/src/App.js": {"path":"/Volumes/D/Coding/AAL-Udacity/reactnd-project-would-you-rather-starter/src/App.js","statementMap":{"0":{"start":{"line":16,"column":4},"end":{"line":16,"column":31}},"1":{"start":{"line":19,"column":4},"end":{"line":19,"column":30}},"2":{"start":{"line":22,"column":30},"end":{"line":22,"column":40}},"3":{"start":{"line":23,"column":23},"end":{"line":23,"column":79}},"4":{"start":{"line":23,"column":59},"end":{"line":23,"column":78}},"5":{"start":{"line":24,"column":17},"end":{"line":24,"column":48}},"6":{"start":{"line":24,"column":43},"end":{"line":24,"column":47}},"7":{"start":{"line":26,"column":4},"end":{"line":56,"column":5}},"8":{"start":{"line":39,"column":50},"end":{"line":39,"column":70}},"9":{"start":{"line":59,"column":24},"end":{"line":59,"column":89}},"10":{"start":{"line":59,"column":58},"end":{"line":59,"column":88}},"11":{"start":{"line":60,"column":27},"end":{"line":63,"column":2}},"12":{"start":{"line":60,"column":40},"end":{"line":63,"column":1}},"13":{"start":{"line":61,"column":22},"end":{"line":61,"column":48}},"14":{"start":{"line":62,"column":22},"end":{"line":62,"column":46}}},"fnMap":{"0":{"name":"(anonymous_0)","decl":{"start":{"line":15,"column":3},"end":{"line":15,"column":4}},"loc":{"start":{"line":15,"column":23},"end":{"line":17,"column":4}},"line":15},"1":{"name":"(anonymous_1)","decl":{"start":{"line":18,"column":3},"end":{"line":18,"column":4}},"loc":{"start":{"line":18,"column":19},"end":{"line":20,"column":4}},"line":18},"2":{"name":"(anonymous_2)","decl":{"start":{"line":21,"column":2},"end":{"line":21,"column":3}},"loc":{"start":{"line":21,"column":11},"end":{"line":57,"column":3}},"line":21},"3":{"name":"(anonymous_3)","decl":{"start":{"line":23,"column":51},"end":{"line":23,"column":52}},"loc":{"start":{"line":23,"column":59},"end":{"line":23,"column":78}},"line":23},"4":{"name":"(anonymous_4)","decl":{"start":{"line":24,"column":32},"end":{"line":24,"column":33}},"loc":{"start":{"line":24,"column":43},"end":{"line":24,"column":47}},"line":24},"5":{"name":"(anonymous_5)","decl":{"start":{"line":39,"column":45},"end":{"line":39,"column":46}},"loc":{"start":{"line":39,"column":50},"end":{"line":39,"column":70}},"line":39},"6":{"name":"(anonymous_6)","decl":{"start":{"line":59,"column":24},"end":{"line":59,"column":25}},"loc":{"start":{"line":59,"column":58},"end":{"line":59,"column":88}},"line":59},"7":{"name":"(anonymous_7)","decl":{"start":{"line":60,"column":27},"end":{"line":60,"column":28}},"loc":{"start":{"line":60,"column":40},"end":{"line":63,"column":1}},"line":60},"8":{"name":"(anonymous_8)","decl":{"start":{"line":61,"column":18},"end":{"line":61,"column":19}},"loc":{"start":{"line":61,"column":22},"end":{"line":61,"column":48}},"line":61},"9":{"name":"(anonymous_9)","decl":{"start":{"line":62,"column":16},"end":{"line":62,"column":17}},"loc":{"start":{"line":62,"column":22},"end":{"line":62,"column":46}},"line":62}},"branchMap":{"0":{"loc":{"start":{"line":31,"column":6},"end":{"line":45,"column":10}},"type":"binary-expr","locations":[{"start":{"line":31,"column":6},"end":{"line":31,"column":21}},{"start":{"line":32,"column":8},"end":{"line":44,"column":14}}],"line":31},"1":{"loc":{"start":{"line":36,"column":11},"end":{"line":42,"column":18}},"type":"cond-expr","locations":[{"start":{"line":37,"column":12},"end":{"line":40,"column":15}},{"start":{"line":42,"column":12},"end":{"line":42,"column":18}}],"line":36}},"s":{"0":1,"1":0,"2":1,"3":1,"4":3,"5":1,"6":1,"7":1,"8":0,"9":2,"10":0,"11":2,"12":0,"13":0,"14":0},"f":{"0":1,"1":0,"2":1,"3":3,"4":1,"5":0,"6":0,"7":0,"8":0,"9":0},"b":{"0":[1,1],"1":[1,0]},"_coverageSchema":"1a1c01bbd47fc00a2c39e90264f33305004495a9","hash":"1a4e1cdbf3fba80854d65903cd017ccd14f934db"}
,"/Volumes/D/Coding/AAL-Udacity/reactnd-project-would-you-rather-starter/src/setupTests.js": {"path":"/Volumes/D/Coding/AAL-Udacity/reactnd-project-would-you-rather-starter/src/setupTests.js","statementMap":{"0":{"start":{"line":8,"column":0},"end":{"line":8,"column":38}}},"fnMap":{},"branchMap":{},"s":{"0":4},"f":{},"b":{},"_coverageSchema":"1a1c01bbd47fc00a2c39e90264f33305004495a9","hash":"253ef1cd39d0275508f87295e077b19b8c3af16b"}
,"/Volumes/D/Coding/AAL-Udacity/reactnd-project-would-you-rather-starter/src/actions/questions.js": {"path":"/Volumes/D/Coding/AAL-Udacity/reactnd-project-would-you-rather-starter/src/actions/questions.js","statementMap":{"0":{"start":{"line":4,"column":29},"end":{"line":6,"column":1}},"1":{"start":{"line":4,"column":44},"end":{"line":6,"column":1}},"2":{"start":{"line":5,"column":2},"end":{"line":5,"column":48}},"3":{"start":{"line":7,"column":27},"end":{"line":17,"column":1}},"4":{"start":{"line":7,"column":41},"end":{"line":17,"column":1}},"5":{"start":{"line":8,"column":30},"end":{"line":8,"column":40}},"6":{"start":{"line":9,"column":41},"end":{"line":9,"column":49}},"7":{"start":{"line":11,"column":2},"end":{"line":16,"column":5}},"8":{"start":{"line":13,"column":50},"end":{"line":13,"column":58}},"9":{"start":{"line":14,"column":4},"end":{"line":14,"column":82}},"10":{"start":{"line":18,"column":33},"end":{"line":25,"column":2}},"11":{"start":{"line":18,"column":49},"end":{"line":25,"column":2}},"12":{"start":{"line":19,"column":34},"end":{"line":19,"column":44}},"13":{"start":{"line":21,"column":2},"end":{"line":23,"column":29}},"14":{"start":{"line":22,"column":3},"end":{"line":22,"column":67}},"15":{"start":{"line":23,"column":17},"end":{"line":23,"column":27}}},"fnMap":{"0":{"name":"(anonymous_0)","decl":{"start":{"line":4,"column":29},"end":{"line":4,"column":30}},"loc":{"start":{"line":4,"column":44},"end":{"line":6,"column":1}},"line":4},"1":{"name":"(anonymous_1)","decl":{"start":{"line":4,"column":44},"end":{"line":4,"column":45}},"loc":{"start":{"line":4,"column":57},"end":{"line":6,"column":1}},"line":4},"2":{"name":"(anonymous_2)","decl":{"start":{"line":7,"column":27},"end":{"line":7,"column":28}},"loc":{"start":{"line":7,"column":41},"end":{"line":17,"column":1}},"line":7},"3":{"name":"(anonymous_3)","decl":{"start":{"line":7,"column":41},"end":{"line":7,"column":42}},"loc":{"start":{"line":7,"column":64},"end":{"line":17,"column":1}},"line":7},"4":{"name":"(anonymous_4)","decl":{"start":{"line":11,"column":63},"end":{"line":11,"column":64}},"loc":{"start":{"line":11,"column":75},"end":{"line":16,"column":3}},"line":11},"5":{"name":"(anonymous_5)","decl":{"start":{"line":18,"column":33},"end":{"line":18,"column":34}},"loc":{"start":{"line":18,"column":49},"end":{"line":25,"column":2}},"line":18},"6":{"name":"(anonymous_6)","decl":{"start":{"line":18,"column":49},"end":{"line":18,"column":50}},"loc":{"start":{"line":18,"column":78},"end":{"line":25,"column":2}},"line":18},"7":{"name":"(anonymous_7)","decl":{"start":{"line":21,"column":63},"end":{"line":21,"column":64}},"loc":{"start":{"line":21,"column":67},"end":{"line":23,"column":3}},"line":21},"8":{"name":"(anonymous_8)","decl":{"start":{"line":23,"column":11},"end":{"line":23,"column":12}},"loc":{"start":{"line":23,"column":17},"end":{"line":23,"column":27}},"line":23}},"branchMap":{},"s":{"0":4,"1":0,"2":0,"3":4,"4":0,"5":0,"6":0,"7":0,"8":0,"9":0,"10":4,"11":0,"12":0,"13":0,"14":0,"15":0},"f":{"0":0,"1":0,"2":0,"3":0,"4":0,"5":0,"6":0,"7":0,"8":0},"b":{},"_coverageSchema":"1a1c01bbd47fc00a2c39e90264f33305004495a9","hash":"7c10ec3bab36b9369502c632d8d67d39aa20008a"}
,"/Volumes/D/Coding/AAL-Udacity/reactnd-project-would-you-rather-starter/src/actions/shared.js": {"path":"/Volumes/D/Coding/AAL-Udacity/reactnd-project-would-you-rather-starter/src/actions/shared.js","statementMap":{"0":{"start":{"line":5,"column":30},"end":{"line":13,"column":1}},"1":{"start":{"line":5,"column":36},"end":{"line":13,"column":1}},"2":{"start":{"line":7,"column":4},"end":{"line":11,"column":36}},"3":{"start":{"line":9,"column":8},"end":{"line":9,"column":35}},"4":{"start":{"line":10,"column":8},"end":{"line":10,"column":43}},"5":{"start":{"line":11,"column":19},"end":{"line":11,"column":35}}},"fnMap":{"0":{"name":"(anonymous_0)","decl":{"start":{"line":5,"column":30},"end":{"line":5,"column":31}},"loc":{"start":{"line":5,"column":36},"end":{"line":13,"column":1}},"line":5},"1":{"name":"(anonymous_1)","decl":{"start":{"line":5,"column":36},"end":{"line":5,"column":37}},"loc":{"start":{"line":5,"column":50},"end":{"line":13,"column":1}},"line":5},"2":{"name":"(anonymous_2)","decl":{"start":{"line":7,"column":30},"end":{"line":7,"column":31}},"loc":{"start":{"line":7,"column":52},"end":{"line":11,"column":5}},"line":7},"3":{"name":"(anonymous_3)","decl":{"start":{"line":11,"column":13},"end":{"line":11,"column":14}},"loc":{"start":{"line":11,"column":19},"end":{"line":11,"column":35}},"line":11}},"branchMap":{},"s":{"0":3,"1":0,"2":0,"3":0,"4":0,"5":0},"f":{"0":0,"1":0,"2":0,"3":0},"b":{},"_coverageSchema":"1a1c01bbd47fc00a2c39e90264f33305004495a9","hash":"e642f784e27c9c141cc4facaff7b979c50570f20"}
,"/Volumes/D/Coding/AAL-Udacity/reactnd-project-would-you-rather-starter/src/actions/signInAction.js": {"path":"/Volumes/D/Coding/AAL-Udacity/reactnd-project-would-you-rather-starter/src/actions/signInAction.js","statementMap":{"0":{"start":{"line":2,"column":27},"end":{"line":2,"column":66}},"1":{"start":{"line":2,"column":37},"end":{"line":2,"column":65}},"2":{"start":{"line":3,"column":28},"end":{"line":3,"column":55}},"3":{"start":{"line":3,"column":35},"end":{"line":3,"column":54}}},"fnMap":{"0":{"name":"(anonymous_0)","decl":{"start":{"line":2,"column":27},"end":{"line":2,"column":28}},"loc":{"start":{"line":2,"column":37},"end":{"line":2,"column":65}},"line":2},"1":{"name":"(anonymous_1)","decl":{"start":{"line":3,"column":28},"end":{"line":3,"column":29}},"loc":{"start":{"line":3,"column":35},"end":{"line":3,"column":54}},"line":3}},"branchMap":{},"s":{"0":3,"1":0,"2":3,"3":0},"f":{"0":0,"1":0},"b":{},"_coverageSchema":"1a1c01bbd47fc00a2c39e90264f33305004495a9","hash":"5c2b0747a4eb8d52180473879a0eaf7373e95c5e"}
,"/Volumes/D/Coding/AAL-Udacity/reactnd-project-would-you-rather-starter/src/actions/users.js": {"path":"/Volumes/D/Coding/AAL-Udacity/reactnd-project-would-you-rather-starter/src/actions/users.js","statementMap":{"0":{"start":{"line":3,"column":26},"end":{"line":5,"column":1}},"1":{"start":{"line":3,"column":37},"end":{"line":5,"column":1}},"2":{"start":{"line":4,"column":2},"end":{"line":4,"column":39}}},"fnMap":{"0":{"name":"(anonymous_0)","decl":{"start":{"line":3,"column":26},"end":{"line":3,"column":27}},"loc":{"start":{"line":3,"column":37},"end":{"line":5,"column":1}},"line":3},"1":{"name":"(anonymous_1)","decl":{"start":{"line":3,"column":37},"end":{"line":3,"column":38}},"loc":{"start":{"line":3,"column":50},"end":{"line":5,"column":1}},"line":3}},"branchMap":{},"s":{"0":4,"1":1,"2":0},"f":{"0":1,"1":0},"b":{},"_coverageSchema":"1a1c01bbd47fc00a2c39e90264f33305004495a9","hash":"7a21f5dc259bfcf98e8cc2bb6d633cf227449d7e"}
,"/Volumes/D/Coding/AAL-Udacity/reactnd-project-would-you-rather-starter/src/components/PanelTitle.js": {"path":"/Volumes/D/Coding/AAL-Udacity/reactnd-project-would-you-rather-starter/src/components/PanelTitle.js","statementMap":{"0":{"start":{"line":3,"column":4},"end":{"line":11,"column":5}}},"fnMap":{"0":{"name":"PanelTitle","decl":{"start":{"line":2,"column":9},"end":{"line":2,"column":19}},"loc":{"start":{"line":2,"column":37},"end":{"line":12,"column":1}},"line":2}},"branchMap":{"0":{"loc":{"start":{"line":7,"column":14},"end":{"line":7,"column":41}},"type":"binary-expr","locations":[{"start":{"line":7,"column":14},"end":{"line":7,"column":21}},{"start":{"line":7,"column":25},"end":{"line":7,"column":41}}],"line":7}},"s":{"0":1},"f":{"0":1},"b":{"0":[1,1]},"_coverageSchema":"1a1c01bbd47fc00a2c39e90264f33305004495a9","hash":"3164589e8ec11aa71db3f4c7b7ae486b5269c48c"}
,"/Volumes/D/Coding/AAL-Udacity/reactnd-project-would-you-rather-starter/src/components/Question.js": {"path":"/Volumes/D/Coding/AAL-Udacity/reactnd-project-would-you-rather-starter/src/components/Question.js","statementMap":{"0":{"start":{"line":9,"column":39},"end":{"line":9,"column":49}},"1":{"start":{"line":11,"column":2},"end":{"line":49,"column":3}},"2":{"start":{"line":14,"column":12},"end":{"line":46,"column":19}},"3":{"start":{"line":15,"column":38},"end":{"line":17,"column":21}},"4":{"start":{"line":22,"column":44},"end":{"line":26,"column":25}}},"fnMap":{"0":{"name":"(anonymous_0)","decl":{"start":{"line":8,"column":4},"end":{"line":8,"column":5}},"loc":{"start":{"line":8,"column":12},"end":{"line":50,"column":1}},"line":8},"1":{"name":"(anonymous_1)","decl":{"start":{"line":13,"column":23},"end":{"line":13,"column":24}},"loc":{"start":{"line":14,"column":12},"end":{"line":46,"column":19}},"line":14},"2":{"name":"(anonymous_2)","decl":{"start":{"line":15,"column":28},"end":{"line":15,"column":29}},"loc":{"start":{"line":15,"column":38},"end":{"line":17,"column":21}},"line":15},"3":{"name":"(anonymous_3)","decl":{"start":{"line":22,"column":36},"end":{"line":22,"column":37}},"loc":{"start":{"line":22,"column":44},"end":{"line":26,"column":25}},"line":22}},"branchMap":{"0":{"loc":{"start":{"line":15,"column":38},"end":{"line":17,"column":21}},"type":"binary-expr","locations":[{"start":{"line":15,"column":38},"end":{"line":15,"column":65}},{"start":{"line":16,"column":25},"end":{"line":16,"column":82}}],"line":15},"1":{"loc":{"start":{"line":22,"column":44},"end":{"line":26,"column":25}},"type":"binary-expr","locations":[{"start":{"line":22,"column":44},"end":{"line":22,"column":71}},{"start":{"line":24,"column":24},"end":{"line":25,"column":85}}],"line":22},"2":{"loc":{"start":{"line":33,"column":25},"end":{"line":41,"column":29}},"type":"cond-expr","locations":[{"start":{"line":34,"column":28},"end":{"line":36,"column":35}},{"start":{"line":38,"column":32},"end":{"line":40,"column":35}}],"line":33}},"s":{"0":1,"1":1,"2":6,"3":18,"4":18},"f":{"0":1,"1":6,"2":18,"3":18},"b":{"0":[18,6],"1":[18,6],"2":[6,0]},"_coverageSchema":"1a1c01bbd47fc00a2c39e90264f33305004495a9","hash":"64477c90a1fa4e68bcff9d6a3860057d743335c7"}
,"/Volumes/D/Coding/AAL-Udacity/reactnd-project-would-you-rather-starter/src/constants/index.js": {"path":"/Volumes/D/Coding/AAL-Udacity/reactnd-project-would-you-rather-starter/src/constants/index.js","statementMap":{"0":{"start":{"line":1,"column":27},"end":{"line":1,"column":40}},"1":{"start":{"line":2,"column":27},"end":{"line":2,"column":40}},"2":{"start":{"line":4,"column":31},"end":{"line":4,"column":48}},"3":{"start":{"line":5,"column":27},"end":{"line":5,"column":43}},"4":{"start":{"line":6,"column":34},"end":{"line":6,"column":57}},"5":{"start":{"line":7,"column":37},"end":{"line":7,"column":63}},"6":{"start":{"line":9,"column":30},"end":{"line":9,"column":46}}},"fnMap":{},"branchMap":{},"s":{"0":8,"1":8,"2":8,"3":8,"4":8,"5":8,"6":8},"f":{},"b":{},"_coverageSchema":"1a1c01bbd47fc00a2c39e90264f33305004495a9","hash":"5ee55ddcce6686a63e841653688e379c72fe48f5"}
,"/Volumes/D/Coding/AAL-Udacity/reactnd-project-would-you-rather-starter/src/containers/AnswerQuestion.js": {"path":"/Volumes/D/Coding/AAL-Udacity/reactnd-project-would-you-rather-starter/src/containers/AnswerQuestion.js","statementMap":{"0":{"start":{"line":9,"column":12},"end":{"line":13,"column":4}},"1":{"start":{"line":14,"column":17},"end":{"line":14,"column":66}},"2":{"start":{"line":14,"column":33},"end":{"line":14,"column":66}},"3":{"start":{"line":14,"column":52},"end":{"line":14,"column":64}},"4":{"start":{"line":16,"column":18},"end":{"line":22,"column":4}},"5":{"start":{"line":17,"column":7},"end":{"line":17,"column":26}},"6":{"start":{"line":19,"column":28},"end":{"line":19,"column":38}},"7":{"start":{"line":20,"column":7},"end":{"line":20,"column":49}},"8":{"start":{"line":21,"column":7},"end":{"line":21,"column":38}},"9":{"start":{"line":24,"column":41},"end":{"line":24,"column":51}},"10":{"start":{"line":25,"column":41},"end":{"line":25,"column":49}},"11":{"start":{"line":26,"column":34},"end":{"line":26,"column":38}},"12":{"start":{"line":27,"column":27},"end":{"line":27,"column":37}},"13":{"start":{"line":28,"column":12},"end":{"line":31,"column":13}},"14":{"start":{"line":29,"column":16},"end":{"line":29,"column":88}},"15":{"start":{"line":32,"column":8},"end":{"line":61,"column":9}},"16":{"start":{"line":43,"column":78},"end":{"line":43,"column":115}},"17":{"start":{"line":49,"column":81},"end":{"line":49,"column":118}},"18":{"start":{"line":66,"column":27},"end":{"line":68,"column":2}},"19":{"start":{"line":66,"column":40},"end":{"line":68,"column":1}},"20":{"start":{"line":67,"column":40},"end":{"line":67,"column":80}}},"fnMap":{"0":{"name":"(anonymous_0)","decl":{"start":{"line":14,"column":17},"end":{"line":14,"column":18}},"loc":{"start":{"line":14,"column":33},"end":{"line":14,"column":66}},"line":14},"1":{"name":"(anonymous_1)","decl":{"start":{"line":14,"column":47},"end":{"line":14,"column":48}},"loc":{"start":{"line":14,"column":52},"end":{"line":14,"column":64}},"line":14},"2":{"name":"(anonymous_2)","decl":{"start":{"line":16,"column":18},"end":{"line":16,"column":19}},"loc":{"start":{"line":16,"column":23},"end":{"line":22,"column":4}},"line":16},"3":{"name":"(anonymous_3)","decl":{"start":{"line":23,"column":4},"end":{"line":23,"column":5}},"loc":{"start":{"line":23,"column":13},"end":{"line":62,"column":5}},"line":23},"4":{"name":"(anonymous_4)","decl":{"start":{"line":43,"column":73},"end":{"line":43,"column":74}},"loc":{"start":{"line":43,"column":78},"end":{"line":43,"column":115}},"line":43},"5":{"name":"(anonymous_5)","decl":{"start":{"line":49,"column":76},"end":{"line":49,"column":77}},"loc":{"start":{"line":49,"column":81},"end":{"line":49,"column":118}},"line":49},"6":{"name":"(anonymous_6)","decl":{"start":{"line":66,"column":27},"end":{"line":66,"column":28}},"loc":{"start":{"line":66,"column":40},"end":{"line":68,"column":1}},"line":66},"7":{"name":"(anonymous_7)","decl":{"start":{"line":67,"column":24},"end":{"line":67,"column":25}},"loc":{"start":{"line":67,"column":40},"end":{"line":67,"column":80}},"line":67}},"branchMap":{"0":{"loc":{"start":{"line":28,"column":12},"end":{"line":31,"column":13}},"type":"if","locations":[{"start":{"line":28,"column":12},"end":{"line":31,"column":13}},{"start":{"line":28,"column":12},"end":{"line":31,"column":13}}],"line":28}},"s":{"0":0,"1":0,"2":0,"3":0,"4":0,"5":0,"6":0,"7":0,"8":0,"9":0,"10":0,"11":0,"12":0,"13":0,"14":0,"15":0,"16":0,"17":0,"18":3,"19":0,"20":0},"f":{"0":0,"1":0,"2":0,"3":0,"4":0,"5":0,"6":0,"7":0},"b":{"0":[0,0]},"_coverageSchema":"1a1c01bbd47fc00a2c39e90264f33305004495a9","hash":"41b1d14bcfec7785c2e083662bbb25bafb22fe52"}
,"/Volumes/D/Coding/AAL-Udacity/reactnd-project-would-you-rather-starter/src/containers/HomePage.js": {"path":"/Volumes/D/Coding/AAL-Udacity/reactnd-project-would-you-rather-starter/src/containers/HomePage.js","statementMap":{"0":{"start":{"line":8,"column":12},"end":{"line":10,"column":5}},"1":{"start":{"line":12,"column":18},"end":{"line":12,"column":61}},"2":{"start":{"line":12,"column":22},"end":{"line":12,"column":61}},"3":{"start":{"line":12,"column":43},"end":{"line":12,"column":59}},"4":{"start":{"line":13,"column":18},"end":{"line":13,"column":62}},"5":{"start":{"line":13,"column":22},"end":{"line":13,"column":62}},"6":{"start":{"line":13,"column":43},"end":{"line":13,"column":60}},"7":{"start":{"line":16,"column":23},"end":{"line":16,"column":33}},"8":{"start":{"line":17,"column":68},"end":{"line":17,"column":78}},"9":{"start":{"line":21,"column":4},"end":{"line":23,"column":4}},"10":{"start":{"line":22,"column":6},"end":{"line":22,"column":23}},"11":{"start":{"line":25,"column":4},"end":{"line":42,"column":5}},"12":{"start":{"line":47,"column":26},"end":{"line":47,"column":177}},"13":{"start":{"line":47,"column":87},"end":{"line":47,"column":136}},"14":{"start":{"line":47,"column":151},"end":{"line":47,"column":176}},"15":{"start":{"line":48,"column":29},"end":{"line":48,"column":181}},"16":{"start":{"line":48,"column":90},"end":{"line":48,"column":140}},"17":{"start":{"line":48,"column":155},"end":{"line":48,"column":180}},"18":{"start":{"line":50,"column":4},"end":{"line":56,"column":10}}},"fnMap":{"0":{"name":"(anonymous_0)","decl":{"start":{"line":12,"column":18},"end":{"line":12,"column":19}},"loc":{"start":{"line":12,"column":22},"end":{"line":12,"column":61}},"line":12},"1":{"name":"(anonymous_1)","decl":{"start":{"line":12,"column":36},"end":{"line":12,"column":37}},"loc":{"start":{"line":12,"column":43},"end":{"line":12,"column":59}},"line":12},"2":{"name":"(anonymous_2)","decl":{"start":{"line":13,"column":18},"end":{"line":13,"column":19}},"loc":{"start":{"line":13,"column":22},"end":{"line":13,"column":62}},"line":13},"3":{"name":"(anonymous_3)","decl":{"start":{"line":13,"column":36},"end":{"line":13,"column":37}},"loc":{"start":{"line":13,"column":43},"end":{"line":13,"column":60}},"line":13},"4":{"name":"(anonymous_4)","decl":{"start":{"line":15,"column":4},"end":{"line":15,"column":5}},"loc":{"start":{"line":15,"column":13},"end":{"line":43,"column":1}},"line":15},"5":{"name":"mapStateToProps","decl":{"start":{"line":46,"column":9},"end":{"line":46,"column":24}},"loc":{"start":{"line":46,"column":54},"end":{"line":57,"column":1}},"line":46},"6":{"name":"(anonymous_6)","decl":{"start":{"line":47,"column":58},"end":{"line":47,"column":59}},"loc":{"start":{"line":47,"column":87},"end":{"line":47,"column":136}},"line":47},"7":{"name":"(anonymous_7)","decl":{"start":{"line":47,"column":143},"end":{"line":47,"column":144}},"loc":{"start":{"line":47,"column":151},"end":{"line":47,"column":176}},"line":47},"8":{"name":"(anonymous_8)","decl":{"start":{"line":48,"column":61},"end":{"line":48,"column":62}},"loc":{"start":{"line":48,"column":90},"end":{"line":48,"column":140}},"line":48},"9":{"name":"(anonymous_9)","decl":{"start":{"line":48,"column":147},"end":{"line":48,"column":148}},"loc":{"start":{"line":48,"column":155},"end":{"line":48,"column":180}},"line":48}},"branchMap":{"0":{"loc":{"start":{"line":21,"column":4},"end":{"line":23,"column":4}},"type":"if","locations":[{"start":{"line":21,"column":4},"end":{"line":23,"column":4}},{"start":{"line":21,"column":4},"end":{"line":23,"column":4}}],"line":21},"1":{"loc":{"start":{"line":37,"column":17},"end":{"line":38,"column":90}},"type":"cond-expr","locations":[{"start":{"line":37,"column":26},"end":{"line":37,"column":97}},{"start":{"line":38,"column":17},"end":{"line":38,"column":90}}],"line":37}},"s":{"0":0,"1":0,"2":0,"3":0,"4":0,"5":0,"6":0,"7":0,"8":0,"9":0,"10":0,"11":0,"12":0,"13":0,"14":0,"15":0,"16":0,"17":0,"18":0},"f":{"0":0,"1":0,"2":0,"3":0,"4":0,"5":0,"6":0,"7":0,"8":0,"9":0},"b":{"0":[0,0],"1":[0,0]},"_coverageSchema":"1a1c01bbd47fc00a2c39e90264f33305004495a9","hash":"6b16049aa496676bf765549b35e3fad770361310"}
,"/Volumes/D/Coding/AAL-Udacity/reactnd-project-would-you-rather-starter/src/containers/LeaderBoard.js": {"path":"/Volumes/D/Coding/AAL-Udacity/reactnd-project-would-you-rather-starter/src/containers/LeaderBoard.js","statementMap":{"0":{"start":{"line":6,"column":4},"end":{"line":6,"column":22}},"1":{"start":{"line":8,"column":27},"end":{"line":8,"column":32}},"2":{"start":{"line":9,"column":3},"end":{"line":9,"column":154}},"3":{"start":{"line":9,"column":46},"end":{"line":9,"column":153}},"4":{"start":{"line":10,"column":4},"end":{"line":12,"column":5}},"5":{"start":{"line":11,"column":8},"end":{"line":11,"column":32}},"6":{"start":{"line":13,"column":4},"end":{"line":52,"column":5}},"7":{"start":{"line":17,"column":20},"end":{"line":46,"column":26}},"8":{"start":{"line":56,"column":4},"end":{"line":59,"column":5}}},"fnMap":{"0":{"name":"LeaderBoard","decl":{"start":{"line":5,"column":9},"end":{"line":5,"column":20}},"loc":{"start":{"line":5,"column":27},"end":{"line":53,"column":1}},"line":5},"1":{"name":"(anonymous_1)","decl":{"start":{"line":9,"column":37},"end":{"line":9,"column":38}},"loc":{"start":{"line":9,"column":46},"end":{"line":9,"column":153}},"line":9},"2":{"name":"(anonymous_2)","decl":{"start":{"line":15,"column":42},"end":{"line":15,"column":43}},"loc":{"start":{"line":17,"column":20},"end":{"line":46,"column":26}},"line":17},"3":{"name":"mapStateToProps","decl":{"start":{"line":54,"column":9},"end":{"line":54,"column":24}},"loc":{"start":{"line":54,"column":44},"end":{"line":60,"column":1}},"line":54}},"branchMap":{"0":{"loc":{"start":{"line":10,"column":4},"end":{"line":12,"column":5}},"type":"if","locations":[{"start":{"line":10,"column":4},"end":{"line":12,"column":5}},{"start":{"line":10,"column":4},"end":{"line":12,"column":5}}],"line":10},"1":{"loc":{"start":{"line":26,"column":43},"end":{"line":26,"column":103}},"type":"cond-expr","locations":[{"start":{"line":26,"column":73},"end":{"line":26,"column":100}},{"start":{"line":26,"column":102},"end":{"line":26,"column":103}}],"line":26},"2":{"loc":{"start":{"line":33,"column":37},"end":{"line":33,"column":74}},"type":"cond-expr","locations":[{"start":{"line":33,"column":55},"end":{"line":33,"column":71}},{"start":{"line":33,"column":73},"end":{"line":33,"column":74}}],"line":33}},"s":{"0":10,"1":10,"2":10,"3":0,"4":0,"5":0,"6":0,"7":0,"8":0},"f":{"0":10,"1":0,"2":0,"3":0},"b":{"0":[0,0],"1":[0,0],"2":[0,0]},"_coverageSchema":"1a1c01bbd47fc00a2c39e90264f33305004495a9","hash":"ea13bbd79c1430619158f7691db40c2d9aeec685"}
,"/Volumes/D/Coding/AAL-Udacity/reactnd-project-would-you-rather-starter/src/containers/NewQuestion.js": {"path":"/Volumes/D/Coding/AAL-Udacity/reactnd-project-would-you-rather-starter/src/containers/NewQuestion.js","statementMap":{"0":{"start":{"line":9,"column":10},"end":{"line":12,"column":3}},"1":{"start":{"line":14,"column":17},"end":{"line":22,"column":3}},"2":{"start":{"line":15,"column":4},"end":{"line":15,"column":23}},"3":{"start":{"line":18,"column":24},"end":{"line":18,"column":34}},"4":{"start":{"line":19,"column":42},"end":{"line":19,"column":52}},"5":{"start":{"line":20,"column":3},"end":{"line":20,"column":58}},"6":{"start":{"line":21,"column":3},"end":{"line":21,"column":32}},"7":{"start":{"line":24,"column":25},"end":{"line":24,"column":78}},"8":{"start":{"line":24,"column":42},"end":{"line":24,"column":78}},"9":{"start":{"line":24,"column":61},"end":{"line":24,"column":76}},"10":{"start":{"line":25,"column":25},"end":{"line":25,"column":78}},"11":{"start":{"line":25,"column":42},"end":{"line":25,"column":78}},"12":{"start":{"line":25,"column":61},"end":{"line":25,"column":76}},"13":{"start":{"line":29,"column":4},"end":{"line":31,"column":5}},"14":{"start":{"line":30,"column":6},"end":{"line":30,"column":35}},"15":{"start":{"line":32,"column":4},"end":{"line":58,"column":5}},"16":{"start":{"line":44,"column":31},"end":{"line":44,"column":73}},"17":{"start":{"line":51,"column":31},"end":{"line":51,"column":73}},"18":{"start":{"line":62,"column":23},"end":{"line":62,"column":50}},"19":{"start":{"line":62,"column":38},"end":{"line":62,"column":49}}},"fnMap":{"0":{"name":"(anonymous_0)","decl":{"start":{"line":14,"column":17},"end":{"line":14,"column":18}},"loc":{"start":{"line":14,"column":23},"end":{"line":22,"column":3}},"line":14},"1":{"name":"(anonymous_1)","decl":{"start":{"line":24,"column":25},"end":{"line":24,"column":26}},"loc":{"start":{"line":24,"column":42},"end":{"line":24,"column":78}},"line":24},"2":{"name":"(anonymous_2)","decl":{"start":{"line":24,"column":56},"end":{"line":24,"column":57}},"loc":{"start":{"line":24,"column":61},"end":{"line":24,"column":76}},"line":24},"3":{"name":"(anonymous_3)","decl":{"start":{"line":25,"column":25},"end":{"line":25,"column":26}},"loc":{"start":{"line":25,"column":42},"end":{"line":25,"column":78}},"line":25},"4":{"name":"(anonymous_4)","decl":{"start":{"line":25,"column":56},"end":{"line":25,"column":57}},"loc":{"start":{"line":25,"column":61},"end":{"line":25,"column":76}},"line":25},"5":{"name":"(anonymous_5)","decl":{"start":{"line":28,"column":2},"end":{"line":28,"column":3}},"loc":{"start":{"line":28,"column":10},"end":{"line":59,"column":3}},"line":28},"6":{"name":"(anonymous_6)","decl":{"start":{"line":44,"column":26},"end":{"line":44,"column":27}},"loc":{"start":{"line":44,"column":31},"end":{"line":44,"column":73}},"line":44},"7":{"name":"(anonymous_7)","decl":{"start":{"line":51,"column":26},"end":{"line":51,"column":27}},"loc":{"start":{"line":51,"column":31},"end":{"line":51,"column":73}},"line":51},"8":{"name":"(anonymous_8)","decl":{"start":{"line":62,"column":23},"end":{"line":62,"column":24}},"loc":{"start":{"line":62,"column":38},"end":{"line":62,"column":49}},"line":62}},"branchMap":{"0":{"loc":{"start":{"line":29,"column":4},"end":{"line":31,"column":5}},"type":"if","locations":[{"start":{"line":29,"column":4},"end":{"line":31,"column":5}},{"start":{"line":29,"column":4},"end":{"line":31,"column":5}}],"line":29}},"s":{"0":0,"1":0,"2":0,"3":0,"4":0,"5":0,"6":0,"7":0,"8":0,"9":0,"10":0,"11":0,"12":0,"13":0,"14":0,"15":0,"16":0,"17":0,"18":2,"19":0},"f":{"0":0,"1":0,"2":0,"3":0,"4":0,"5":0,"6":0,"7":0,"8":0},"b":{"0":[0,0]},"_coverageSchema":"1a1c01bbd47fc00a2c39e90264f33305004495a9","hash":"d0cb0ae322a5452f4f79eca61160f0025c986be2"}
,"/Volumes/D/Coding/AAL-Udacity/reactnd-project-would-you-rather-starter/src/containers/ResultPage.js": {"path":"/Volumes/D/Coding/AAL-Udacity/reactnd-project-would-you-rather-starter/src/containers/ResultPage.js","statementMap":{"0":{"start":{"line":5,"column":28},"end":{"line":5,"column":33}},"1":{"start":{"line":6,"column":37},"end":{"line":6,"column":45}},"2":{"start":{"line":7,"column":28},"end":{"line":7,"column":32}},"3":{"start":{"line":8,"column":20},"end":{"line":8,"column":101}},"4":{"start":{"line":9,"column":20},"end":{"line":9,"column":101}},"5":{"start":{"line":10,"column":4},"end":{"line":56,"column":8}},"6":{"start":{"line":58,"column":25},"end":{"line":71,"column":3}},"7":{"start":{"line":59,"column":21},"end":{"line":59,"column":84}},"8":{"start":{"line":60,"column":21},"end":{"line":60,"column":77}},"9":{"start":{"line":60,"column":59},"end":{"line":60,"column":76}},"10":{"start":{"line":61,"column":21},"end":{"line":61,"column":77}},"11":{"start":{"line":61,"column":59},"end":{"line":61,"column":76}},"12":{"start":{"line":63,"column":3},"end":{"line":70,"column":4}}},"fnMap":{"0":{"name":"ResultPage","decl":{"start":{"line":4,"column":9},"end":{"line":4,"column":19}},"loc":{"start":{"line":4,"column":26},"end":{"line":57,"column":5}},"line":4},"1":{"name":"(anonymous_1)","decl":{"start":{"line":58,"column":25},"end":{"line":58,"column":26}},"loc":{"start":{"line":58,"column":67},"end":{"line":71,"column":3}},"line":58},"2":{"name":"(anonymous_2)","decl":{"start":{"line":60,"column":51},"end":{"line":60,"column":52}},"loc":{"start":{"line":60,"column":59},"end":{"line":60,"column":76}},"line":60},"3":{"name":"(anonymous_3)","decl":{"start":{"line":61,"column":51},"end":{"line":61,"column":52}},"loc":{"start":{"line":61,"column":59},"end":{"line":61,"column":76}},"line":61}},"branchMap":{"0":{"loc":{"start":{"line":21,"column":42},"end":{"line":21,"column":81}},"type":"cond-expr","locations":[{"start":{"line":21,"column":57},"end":{"line":21,"column":64}},{"start":{"line":21,"column":65},"end":{"line":21,"column":81}}],"line":21},"1":{"loc":{"start":{"line":22,"column":32},"end":{"line":22,"column":82}},"type":"binary-expr","locations":[{"start":{"line":22,"column":32},"end":{"line":22,"column":46}},{"start":{"line":22,"column":50},"end":{"line":22,"column":82}}],"line":22},"2":{"loc":{"start":{"line":35,"column":42},"end":{"line":35,"column":81}},"type":"cond-expr","locations":[{"start":{"line":35,"column":57},"end":{"line":35,"column":64}},{"start":{"line":35,"column":65},"end":{"line":35,"column":81}}],"line":35},"3":{"loc":{"start":{"line":36,"column":27},"end":{"line":36,"column":77}},"type":"binary-expr","locations":[{"start":{"line":36,"column":27},"end":{"line":36,"column":41}},{"start":{"line":36,"column":45},"end":{"line":36,"column":77}}],"line":36},"4":{"loc":{"start":{"line":59,"column":21},"end":{"line":59,"column":84}},"type":"binary-expr","locations":[{"start":{"line":59,"column":21},"end":{"line":59,"column":52}},{"start":{"line":59,"column":56},"end":{"line":59,"column":84}}],"line":59}},"s":{"0":1,"1":1,"2":1,"3":1,"4":1,"5":1,"6":3,"7":0,"8":0,"9":0,"10":0,"11":0,"12":0},"f":{"0":1,"1":0,"2":0,"3":0},"b":{"0":[0,1],"1":[1,0],"2":[1,0],"3":[1,1],"4":[0,0]},"_coverageSchema":"1a1c01bbd47fc00a2c39e90264f33305004495a9","hash":"cc7e1ff619864661787c4cbf32abca64a307093f"}
,"/Volumes/D/Coding/AAL-Udacity/reactnd-project-would-you-rather-starter/src/containers/ShowQuestion.js": {"path":"/Volumes/D/Coding/AAL-Udacity/reactnd-project-would-you-rather-starter/src/containers/ShowQuestion.js","statementMap":{"0":{"start":{"line":12,"column":51},"end":{"line":12,"column":61}},"1":{"start":{"line":13,"column":4},"end":{"line":15,"column":5}},"2":{"start":{"line":14,"column":8},"end":{"line":14,"column":36}},"3":{"start":{"line":17,"column":8},"end":{"line":22,"column":9}},"4":{"start":{"line":28,"column":28},"end":{"line":28,"column":49}},"5":{"start":{"line":29,"column":42},"end":{"line":29,"column":64}},"6":{"start":{"line":31,"column":4},"end":{"line":36,"column":10}}},"fnMap":{"0":{"name":"(anonymous_0)","decl":{"start":{"line":11,"column":0},"end":{"line":11,"column":1}},"loc":{"start":{"line":11,"column":8},"end":{"line":24,"column":1}},"line":11},"1":{"name":"mapStateToProps","decl":{"start":{"line":27,"column":9},"end":{"line":27,"column":24}},"loc":{"start":{"line":27,"column":65},"end":{"line":37,"column":1}},"line":27}},"branchMap":{"0":{"loc":{"start":{"line":13,"column":4},"end":{"line":15,"column":5}},"type":"if","locations":[{"start":{"line":13,"column":4},"end":{"line":15,"column":5}},{"start":{"line":13,"column":4},"end":{"line":15,"column":5}}],"line":13},"1":{"loc":{"start":{"line":18,"column":12},"end":{"line":21,"column":97}},"type":"cond-expr","locations":[{"start":{"line":19,"column":16},"end":{"line":19,"column":92}},{"start":{"line":21,"column":16},"end":{"line":21,"column":97}}],"line":18}},"s":{"0":2,"1":2,"2":0,"3":2,"4":0,"5":0,"6":0},"f":{"0":2,"1":0},"b":{"0":[0,2],"1":[1,1]},"_coverageSchema":"1a1c01bbd47fc00a2c39e90264f33305004495a9","hash":"1faf7a6170f9677b2bab8412bed3c28b36f4766a"}
,"/Volumes/D/Coding/AAL-Udacity/reactnd-project-would-you-rather-starter/src/containers/Signin.js": {"path":"/Volumes/D/Coding/AAL-Udacity/reactnd-project-would-you-rather-starter/src/containers/Signin.js","statementMap":{"0":{"start":{"line":8,"column":12},"end":{"line":10,"column":5}},"1":{"start":{"line":11,"column":18},"end":{"line":17,"column":5}},"2":{"start":{"line":12,"column":8},"end":{"line":12,"column":27}},"3":{"start":{"line":14,"column":29},"end":{"line":14,"column":39}},"4":{"start":{"line":15,"column":8},"end":{"line":15,"column":47}},"5":{"start":{"line":18,"column":17},"end":{"line":18,"column":76}},"6":{"start":{"line":18,"column":35},"end":{"line":18,"column":76}},"7":{"start":{"line":18,"column":54},"end":{"line":18,"column":74}},"8":{"start":{"line":22,"column":8},"end":{"line":42,"column":9}},"9":{"start":{"line":29,"column":47},"end":{"line":29,"column":78}},"10":{"start":{"line":33,"column":36},"end":{"line":33,"column":94}},"11":{"start":{"line":48,"column":23},"end":{"line":48,"column":44}},"12":{"start":{"line":48,"column":35},"end":{"line":48,"column":43}}},"fnMap":{"0":{"name":"(anonymous_0)","decl":{"start":{"line":11,"column":18},"end":{"line":11,"column":19}},"loc":{"start":{"line":11,"column":25},"end":{"line":17,"column":5}},"line":11},"1":{"name":"(anonymous_1)","decl":{"start":{"line":18,"column":17},"end":{"line":18,"column":18}},"loc":{"start":{"line":18,"column":35},"end":{"line":18,"column":76}},"line":18},"2":{"name":"(anonymous_2)","decl":{"start":{"line":18,"column":49},"end":{"line":18,"column":50}},"loc":{"start":{"line":18,"column":54},"end":{"line":18,"column":74}},"line":18},"3":{"name":"(anonymous_3)","decl":{"start":{"line":20,"column":4},"end":{"line":20,"column":5}},"loc":{"start":{"line":20,"column":13},"end":{"line":43,"column":5}},"line":20},"4":{"name":"(anonymous_4)","decl":{"start":{"line":29,"column":42},"end":{"line":29,"column":43}},"loc":{"start":{"line":29,"column":47},"end":{"line":29,"column":78}},"line":29},"5":{"name":"(anonymous_5)","decl":{"start":{"line":32,"column":68},"end":{"line":32,"column":69}},"loc":{"start":{"line":33,"column":36},"end":{"line":33,"column":94}},"line":33},"6":{"name":"(anonymous_6)","decl":{"start":{"line":48,"column":23},"end":{"line":48,"column":24}},"loc":{"start":{"line":48,"column":35},"end":{"line":48,"column":43}},"line":48}},"branchMap":{},"s":{"0":1,"1":1,"2":0,"3":0,"4":0,"5":1,"6":0,"7":0,"8":1,"9":0,"10":3,"11":3,"12":0},"f":{"0":0,"1":0,"2":0,"3":1,"4":0,"5":3,"6":0},"b":{},"_coverageSchema":"1a1c01bbd47fc00a2c39e90264f33305004495a9","hash":"c3043e9a613671b00b6c8aab096e6056c24f7a3c"}
,"/Volumes/D/Coding/AAL-Udacity/reactnd-project-would-you-rather-starter/src/reducers/index.js": {"path":"/Volumes/D/Coding/AAL-Udacity/reactnd-project-would-you-rather-starter/src/reducers/index.js","statementMap":{},"fnMap":{},"branchMap":{},"s":{},"f":{},"b":{},"_coverageSchema":"1a1c01bbd47fc00a2c39e90264f33305004495a9","hash":"417b13d9e1427bf3416a061c838b24628495b92a"}
,"/Volumes/D/Coding/AAL-Udacity/reactnd-project-would-you-rather-starter/src/reducers/questions.js": {"path":"/Volumes/D/Coding/AAL-Udacity/reactnd-project-would-you-rather-starter/src/reducers/questions.js","statementMap":{"0":{"start":{"line":2,"column":24},"end":{"line":39,"column":1}},"1":{"start":{"line":4,"column":4},"end":{"line":38,"column":5}},"2":{"start":{"line":6,"column":12},"end":{"line":6,"column":51}},"3":{"start":{"line":9,"column":64},"end":{"line":9,"column":70}},"4":{"start":{"line":11,"column":8},"end":{"line":20,"column":9}},"5":{"start":{"line":22,"column":48},"end":{"line":22,"column":54}},"6":{"start":{"line":24,"column":12},"end":{"line":34,"column":14}},"7":{"start":{"line":37,"column":12},"end":{"line":37,"column":25}}},"fnMap":{"0":{"name":"(anonymous_0)","decl":{"start":{"line":2,"column":24},"end":{"line":2,"column":25}},"loc":{"start":{"line":2,"column":45},"end":{"line":39,"column":1}},"line":2}},"branchMap":{"0":{"loc":{"start":{"line":2,"column":25},"end":{"line":2,"column":33}},"type":"default-arg","locations":[{"start":{"line":2,"column":31},"end":{"line":2,"column":33}}],"line":2},"1":{"loc":{"start":{"line":4,"column":4},"end":{"line":38,"column":5}},"type":"switch","locations":[{"start":{"line":5,"column":8},"end":{"line":6,"column":51}},{"start":{"line":7,"column":8},"end":{"line":20,"column":9}},{"start":{"line":21,"column":8},"end":{"line":34,"column":14}},{"start":{"line":36,"column":8},"end":{"line":37,"column":25}}],"line":4}},"s":{"0":2,"1":6,"2":1,"3":1,"4":1,"5":1,"6":1,"7":3},"f":{"0":6},"b":{"0":[4],"1":[1,1,1,3]},"_coverageSchema":"1a1c01bbd47fc00a2c39e90264f33305004495a9","hash":"12dad992faae22f52b7803c5ff377305682a55d4"}
,"/Volumes/D/Coding/AAL-Udacity/reactnd-project-would-you-rather-starter/src/reducers/signUser.js": {"path":"/Volumes/D/Coding/AAL-Udacity/reactnd-project-would-you-rather-starter/src/reducers/signUser.js","statementMap":{"0":{"start":{"line":3,"column":4},"end":{"line":10,"column":5}},"1":{"start":{"line":5,"column":12},"end":{"line":5,"column":31}},"2":{"start":{"line":7,"column":12},"end":{"line":7,"column":33}},"3":{"start":{"line":9,"column":12},"end":{"line":9,"column":25}}},"fnMap":{"0":{"name":"signUser","decl":{"start":{"line":2,"column":16},"end":{"line":2,"column":24}},"loc":{"start":{"line":2,"column":44},"end":{"line":11,"column":1}},"line":2}},"branchMap":{"0":{"loc":{"start":{"line":2,"column":25},"end":{"line":2,"column":35}},"type":"default-arg","locations":[{"start":{"line":2,"column":33},"end":{"line":2,"column":35}}],"line":2},"1":{"loc":{"start":{"line":3,"column":4},"end":{"line":10,"column":5}},"type":"switch","locations":[{"start":{"line":4,"column":8},"end":{"line":5,"column":31}},{"start":{"line":6,"column":8},"end":{"line":7,"column":33}},{"start":{"line":8,"column":8},"end":{"line":9,"column":25}}],"line":3}},"s":{"0":5,"1":1,"2":1,"3":3},"f":{"0":5},"b":{"0":[5],"1":[1,1,3]},"_coverageSchema":"1a1c01bbd47fc00a2c39e90264f33305004495a9","hash":"e6977ea406d3620e489015ffb0943d099ec51fed"}
,"/Volumes/D/Coding/AAL-Udacity/reactnd-project-would-you-rather-starter/src/reducers/users.js": {"path":"/Volumes/D/Coding/AAL-Udacity/reactnd-project-would-you-rather-starter/src/reducers/users.js","statementMap":{"0":{"start":{"line":3,"column":20},"end":{"line":33,"column":1}},"1":{"start":{"line":5,"column":4},"end":{"line":32,"column":5}},"2":{"start":{"line":7,"column":12},"end":{"line":7,"column":47}},"3":{"start":{"line":10,"column":12},"end":{"line":16,"column":13}},"4":{"start":{"line":19,"column":10},"end":{"line":28,"column":9}},"5":{"start":{"line":31,"column":12},"end":{"line":31,"column":25}}},"fnMap":{"0":{"name":"(anonymous_0)","decl":{"start":{"line":3,"column":20},"end":{"line":3,"column":21}},"loc":{"start":{"line":3,"column":42},"end":{"line":33,"column":1}},"line":3}},"branchMap":{"0":{"loc":{"start":{"line":3,"column":21},"end":{"line":3,"column":30}},"type":"default-arg","locations":[{"start":{"line":3,"column":28},"end":{"line":3,"column":30}}],"line":3},"1":{"loc":{"start":{"line":5,"column":4},"end":{"line":32,"column":5}},"type":"switch","locations":[{"start":{"line":6,"column":8},"end":{"line":7,"column":47}},{"start":{"line":8,"column":8},"end":{"line":16,"column":13}},{"start":{"line":18,"column":8},"end":{"line":28,"column":9}},{"start":{"line":30,"column":8},"end":{"line":31,"column":25}}],"line":5}},"s":{"0":2,"1":6,"2":1,"3":1,"4":1,"5":3},"f":{"0":6},"b":{"0":[4],"1":[1,1,1,3]},"_coverageSchema":"1a1c01bbd47fc00a2c39e90264f33305004495a9","hash":"b923c039f29093e2b8b2618625f28eed9da29d32"}
,"/Volumes/D/Coding/AAL-Udacity/reactnd-project-would-you-rather-starter/src/tests/custom_render.js": {"path":"/Volumes/D/Coding/AAL-Udacity/reactnd-project-would-you-rather-starter/src/tests/custom_render.js","statementMap":{"0":{"start":{"line":6,"column":24},"end":{"line":14,"column":3}},"1":{"start":{"line":9,"column":18},"end":{"line":9,"column":52}},"2":{"start":{"line":10,"column":20},"end":{"line":12,"column":5}},"3":{"start":{"line":11,"column":6},"end":{"line":11,"column":51}},"4":{"start":{"line":13,"column":4},"end":{"line":13,"column":52}}},"fnMap":{"0":{"name":"(anonymous_0)","decl":{"start":{"line":6,"column":24},"end":{"line":6,"column":25}},"loc":{"start":{"line":8,"column":5},"end":{"line":14,"column":3}},"line":8},"1":{"name":"(anonymous_1)","decl":{"start":{"line":10,"column":20},"end":{"line":10,"column":21}},"loc":{"start":{"line":11,"column":6},"end":{"line":11,"column":51}},"line":11}},"branchMap":{"0":{"loc":{"start":{"line":7,"column":7},"end":{"line":7,"column":44}},"type":"default-arg","locations":[{"start":{"line":7,"column":42},"end":{"line":7,"column":44}}],"line":7}},"s":{"0":1,"1":1,"2":1,"3":0,"4":1},"f":{"0":1,"1":0},"b":{"0":[0]},"_coverageSchema":"1a1c01bbd47fc00a2c39e90264f33305004495a9","hash":"5a0eadedab7f512e308b69f116bf7a40b36210e0"}
,"/Volumes/D/Coding/AAL-Udacity/reactnd-project-would-you-rather-starter/src/utils/_DATA.js": {"path":"/Volumes/D/Coding/AAL-Udacity/reactnd-project-would-you-rather-starter/src/utils/_DATA.js","statementMap":{"0":{"start":{"line":1,"column":12},"end":{"line":35,"column":1}},"1":{"start":{"line":37,"column":16},"end":{"line":116,"column":1}},"2":{"start":{"line":119,"column":2},"end":{"line":119,"column":98}},"3":{"start":{"line":123,"column":2},"end":{"line":125,"column":4}},"4":{"start":{"line":124,"column":4},"end":{"line":124,"column":43}},"5":{"start":{"line":124,"column":21},"end":{"line":124,"column":36}},"6":{"start":{"line":129,"column":2},"end":{"line":131,"column":4}},"7":{"start":{"line":130,"column":4},"end":{"line":130,"column":47}},"8":{"start":{"line":130,"column":21},"end":{"line":130,"column":40}},"9":{"start":{"line":135,"column":2},"end":{"line":147,"column":3}},"10":{"start":{"line":151,"column":2},"end":{"line":171,"column":4}},"11":{"start":{"line":152,"column":23},"end":{"line":152,"column":38}},"12":{"start":{"line":153,"column":30},"end":{"line":153,"column":54}},"13":{"start":{"line":155,"column":4},"end":{"line":170,"column":12}},"14":{"start":{"line":156,"column":6},"end":{"line":159,"column":7}},"15":{"start":{"line":161,"column":6},"end":{"line":167,"column":7}},"16":{"start":{"line":169,"column":6},"end":{"line":169,"column":28}},"17":{"start":{"line":175,"column":2},"end":{"line":201,"column":4}},"18":{"start":{"line":176,"column":4},"end":{"line":200,"column":11}},"19":{"start":{"line":177,"column":6},"end":{"line":186,"column":7}},"20":{"start":{"line":188,"column":6},"end":{"line":197,"column":7}},"21":{"start":{"line":199,"column":6},"end":{"line":199,"column":11}},"22":{"start":{"line":205,"column":17},"end":{"line":211,"column":1}},"23":{"start":{"line":212,"column":19},"end":{"line":214,"column":1}}},"fnMap":{"0":{"name":"generateUID","decl":{"start":{"line":118,"column":9},"end":{"line":118,"column":20}},"loc":{"start":{"line":118,"column":24},"end":{"line":120,"column":1}},"line":118},"1":{"name":"_getUsers","decl":{"start":{"line":122,"column":16},"end":{"line":122,"column":25}},"loc":{"start":{"line":122,"column":29},"end":{"line":126,"column":1}},"line":122},"2":{"name":"(anonymous_2)","decl":{"start":{"line":123,"column":21},"end":{"line":123,"column":22}},"loc":{"start":{"line":123,"column":35},"end":{"line":125,"column":3}},"line":123},"3":{"name":"(anonymous_3)","decl":{"start":{"line":124,"column":15},"end":{"line":124,"column":16}},"loc":{"start":{"line":124,"column":21},"end":{"line":124,"column":36}},"line":124},"4":{"name":"_getQuestions","decl":{"start":{"line":128,"column":16},"end":{"line":128,"column":29}},"loc":{"start":{"line":128,"column":33},"end":{"line":132,"column":1}},"line":128},"5":{"name":"(anonymous_5)","decl":{"start":{"line":129,"column":21},"end":{"line":129,"column":22}},"loc":{"start":{"line":129,"column":35},"end":{"line":131,"column":3}},"line":129},"6":{"name":"(anonymous_6)","decl":{"start":{"line":130,"column":15},"end":{"line":130,"column":16}},"loc":{"start":{"line":130,"column":21},"end":{"line":130,"column":40}},"line":130},"7":{"name":"formatQuestion","decl":{"start":{"line":134,"column":9},"end":{"line":134,"column":23}},"loc":{"start":{"line":134,"column":67},"end":{"line":148,"column":1}},"line":134},"8":{"name":"_saveQuestion","decl":{"start":{"line":150,"column":16},"end":{"line":150,"column":29}},"loc":{"start":{"line":150,"column":41},"end":{"line":172,"column":1}},"line":150},"9":{"name":"(anonymous_9)","decl":{"start":{"line":151,"column":21},"end":{"line":151,"column":22}},"loc":{"start":{"line":151,"column":35},"end":{"line":171,"column":3}},"line":151},"10":{"name":"(anonymous_10)","decl":{"start":{"line":155,"column":15},"end":{"line":155,"column":16}},"loc":{"start":{"line":155,"column":21},"end":{"line":170,"column":5}},"line":155},"11":{"name":"_saveQuestionAnswer","decl":{"start":{"line":174,"column":16},"end":{"line":174,"column":35}},"loc":{"start":{"line":174,"column":66},"end":{"line":202,"column":1}},"line":174},"12":{"name":"(anonymous_12)","decl":{"start":{"line":175,"column":21},"end":{"line":175,"column":22}},"loc":{"start":{"line":175,"column":35},"end":{"line":201,"column":3}},"line":175},"13":{"name":"(anonymous_13)","decl":{"start":{"line":176,"column":15},"end":{"line":176,"column":16}},"loc":{"start":{"line":176,"column":21},"end":{"line":200,"column":5}},"line":176}},"branchMap":{},"s":{"0":8,"1":8,"2":0,"3":1,"4":1,"5":0,"6":1,"7":1,"8":0,"9":0,"10":0,"11":0,"12":0,"13":0,"14":0,"15":0,"16":0,"17":0,"18":0,"19":0,"20":0,"21":0,"22":8,"23":8},"f":{"0":0,"1":1,"2":1,"3":0,"4":1,"5":1,"6":0,"7":0,"8":0,"9":0,"10":0,"11":0,"12":0,"13":0},"b":{},"_coverageSchema":"1a1c01bbd47fc00a2c39e90264f33305004495a9","hash":"04654de183c537db0048f1537fc817b6d212afb4"}
,"/Volumes/D/Coding/AAL-Udacity/reactnd-project-would-you-rather-starter/src/utils/api.js": {"path":"/Volumes/D/Coding/AAL-Udacity/reactnd-project-would-you-rather-starter/src/utils/api.js","statementMap":{"0":{"start":{"line":2,"column":27},"end":{"line":8,"column":1}},"1":{"start":{"line":3,"column":4},"end":{"line":7,"column":7}},"2":{"start":{"line":5,"column":36},"end":{"line":7,"column":5}},"3":{"start":{"line":10,"column":26},"end":{"line":10,"column":53}},"4":{"start":{"line":10,"column":34},"end":{"line":10,"column":53}},"5":{"start":{"line":12,"column":32},"end":{"line":12,"column":65}},"6":{"start":{"line":12,"column":40},"end":{"line":12,"column":65}},"7":{"start":{"line":14,"column":33},"end":{"line":14,"column":125}},"8":{"start":{"line":14,"column":67},"end":{"line":14,"column":125}}},"fnMap":{"0":{"name":"(anonymous_0)","decl":{"start":{"line":2,"column":27},"end":{"line":2,"column":28}},"loc":{"start":{"line":2,"column":32},"end":{"line":8,"column":1}},"line":2},"1":{"name":"(anonymous_1)","decl":{"start":{"line":5,"column":12},"end":{"line":5,"column":13}},"loc":{"start":{"line":5,"column":36},"end":{"line":7,"column":5}},"line":5},"2":{"name":"(anonymous_2)","decl":{"start":{"line":10,"column":26},"end":{"line":10,"column":27}},"loc":{"start":{"line":10,"column":34},"end":{"line":10,"column":53}},"line":10},"3":{"name":"(anonymous_3)","decl":{"start":{"line":12,"column":32},"end":{"line":12,"column":33}},"loc":{"start":{"line":12,"column":40},"end":{"line":12,"column":65}},"line":12},"4":{"name":"(anonymous_4)","decl":{"start":{"line":14,"column":33},"end":{"line":14,"column":34}},"loc":{"start":{"line":14,"column":67},"end":{"line":14,"column":125}},"line":14}},"branchMap":{},"s":{"0":4,"1":1,"2":0,"3":4,"4":0,"5":4,"6":0,"7":4,"8":0},"f":{"0":1,"1":0,"2":0,"3":0,"4":0},"b":{},"_coverageSchema":"1a1c01bbd47fc00a2c39e90264f33305004495a9","hash":"6e8cbaa68cf55024575c39fcb89efb9790a8999c"}
}
