TN:
SF:src/App.js
FN:14,(anonymous_0)
FN:17,(anonymous_1)
FN:20,(anonymous_2)
FN:22,(anonymous_3)
FN:23,(anonymous_4)
FN:38,(anonymous_5)
FN:58,(anonymous_6)
FN:59,(anonymous_7)
FN:60,(anonymous_8)
FN:61,(anonymous_9)
FNF:10
FNH:4
FNDA:1,(anonymous_0)
FNDA:0,(anonymous_1)
FNDA:1,(anonymous_2)
FNDA:3,(anonymous_3)
FNDA:1,(anonymous_4)
FNDA:0,(anonymous_5)
FNDA:0,(anonymous_6)
FNDA:0,(anonymous_7)
FNDA:0,(anonymous_8)
FNDA:0,(anonymous_9)
DA:15,1
DA:18,0
DA:21,1
DA:22,3
DA:23,1
DA:25,1
DA:38,0
DA:58,2
DA:59,2
DA:60,0
DA:61,0
LF:11
LH:7
BRDA:30,0,0,1
BRDA:30,0,1,1
BRDA:35,1,0,1
BRDA:35,1,1,0
BRF:4
BRH:3
end_of_record
TN:
SF:src/setupTests.js
FNF:0
FNH:0
DA:8,4
LF:1
LH:1
BRF:0
BRH:0
end_of_record
TN:
SF:src/actions/questions.js
FN:4,(anonymous_0)
FN:4,(anonymous_1)
FN:7,(anonymous_2)
FN:7,(anonymous_3)
FN:11,(anonymous_4)
FN:18,(anonymous_5)
FN:18,(anonymous_6)
FN:21,(anonymous_7)
FN:23,(anonymous_8)
FNF:9
FNH:0
FNDA:0,(anonymous_0)
FNDA:0,(anonymous_1)
FNDA:0,(anonymous_2)
FNDA:0,(anonymous_3)
FNDA:0,(anonymous_4)
FNDA:0,(anonymous_5)
FNDA:0,(anonymous_6)
FNDA:0,(anonymous_7)
FNDA:0,(anonymous_8)
DA:4,4
DA:5,0
DA:7,4
DA:8,0
DA:9,0
DA:11,0
DA:13,0
DA:14,0
DA:18,4
DA:19,0
DA:21,0
DA:22,0
DA:23,0
LF:13
LH:3
BRF:0
BRH:0
end_of_record
TN:
SF:src/actions/shared.js
FN:5,(anonymous_0)
FN:5,(anonymous_1)
FN:7,(anonymous_2)
FN:11,(anonymous_3)
FNF:4
FNH:0
FNDA:0,(anonymous_0)
FNDA:0,(anonymous_1)
FNDA:0,(anonymous_2)
FNDA:0,(anonymous_3)
DA:5,3
DA:7,0
DA:9,0
DA:10,0
DA:11,0
LF:5
LH:1
BRF:0
BRH:0
end_of_record
TN:
SF:src/actions/signInAction.js
FN:2,(anonymous_0)
FN:3,(anonymous_1)
FNF:2
FNH:0
FNDA:0,(anonymous_0)
FNDA:0,(anonymous_1)
DA:2,3
DA:3,3
LF:2
LH:2
BRF:0
BRH:0
end_of_record
TN:
SF:src/actions/users.js
FN:3,(anonymous_0)
FN:3,(anonymous_1)
FNF:2
FNH:1
FNDA:1,(anonymous_0)
FNDA:0,(anonymous_1)
DA:3,4
DA:4,0
LF:2
LH:1
BRF:0
BRH:0
end_of_record
TN:
SF:src/components/PanelTitle.js
FN:2,PanelTitle
FNF:1
FNH:1
FNDA:8,PanelTitle
DA:3,8
LF:1
LH:1
BRDA:7,0,0,8
BRDA:7,0,1,1
BRF:2
BRH:2
end_of_record
TN:
SF:src/components/Question.js
FN:8,(anonymous_0)
FN:13,(anonymous_1)
FN:15,(anonymous_2)
FN:22,(anonymous_3)
FNF:4
FNH:4
FNDA:2,(anonymous_0)
FNDA:10,(anonymous_1)
FNDA:30,(anonymous_2)
FNDA:30,(anonymous_3)
DA:9,2
DA:11,2
DA:14,10
DA:15,30
DA:22,30
LF:5
LH:5
BRDA:15,0,0,30
BRDA:15,0,1,10
BRDA:22,1,0,30
BRDA:22,1,1,10
BRDA:33,2,0,10
BRDA:33,2,1,0
BRF:6
BRH:5
end_of_record
TN:
SF:src/constants/index.js
FNF:0
FNH:0
DA:1,8
DA:2,8
DA:4,8
DA:5,8
DA:6,8
DA:7,8
DA:9,8
LF:7
LH:7
BRF:0
BRH:0
end_of_record
TN:
SF:src/containers/AnswerQuestion.js
FN:14,(anonymous_0)
FN:14,(anonymous_1)
FN:16,(anonymous_2)
FN:23,(anonymous_3)
FN:43,(anonymous_4)
FN:49,(anonymous_5)
FN:66,(anonymous_6)
FN:67,(anonymous_7)
FNF:8
FNH:2
FNDA:0,(anonymous_0)
FNDA:0,(anonymous_1)
FNDA:0,(anonymous_2)
FNDA:1,(anonymous_3)
FNDA:0,(anonymous_4)
FNDA:0,(anonymous_5)
FNDA:1,(anonymous_6)
FNDA:0,(anonymous_7)
DA:9,1
DA:14,1
DA:16,1
DA:17,0
DA:19,0
DA:20,0
DA:21,0
DA:24,1
DA:25,1
DA:26,1
DA:27,1
DA:28,1
DA:29,0
DA:32,1
DA:43,0
DA:49,0
DA:66,3
DA:67,0
LF:18
LH:10
BRDA:28,0,0,0
BRDA:28,0,1,1
BRF:2
BRH:1
end_of_record
TN:
SF:src/containers/HomePage.js
FN:12,(anonymous_0)
FN:12,(anonymous_1)
FN:13,(anonymous_2)
FN:13,(anonymous_3)
FN:15,(anonymous_4)
FN:46,mapStateToProps
FN:47,(anonymous_6)
FN:47,(anonymous_7)
FN:48,(anonymous_8)
FN:48,(anonymous_9)
FNF:10
FNH:6
FNDA:0,(anonymous_0)
FNDA:0,(anonymous_1)
FNDA:0,(anonymous_2)
FNDA:0,(anonymous_3)
FNDA:1,(anonymous_4)
FNDA:1,mapStateToProps
FNDA:6,(anonymous_6)
FNDA:1,(anonymous_7)
FNDA:6,(anonymous_8)
FNDA:5,(anonymous_9)
DA:8,1
DA:12,1
DA:13,1
DA:16,1
DA:17,1
DA:21,1
DA:22,0
DA:25,1
DA:47,6
DA:48,6
DA:50,1
LF:11
LH:10
BRDA:21,0,0,0
BRDA:21,0,1,1
BRDA:37,1,0,0
BRDA:37,1,1,1
BRF:4
BRH:2
end_of_record
TN:
SF:src/containers/LeaderBoard.js
FN:5,LeaderBoard
FN:9,(anonymous_1)
FN:15,(anonymous_2)
FN:54,mapStateToProps
FNF:4
FNH:4
FNDA:1,LeaderBoard
FNDA:4,(anonymous_1)
FNDA:3,(anonymous_2)
FNDA:1,mapStateToProps
DA:6,1
DA:8,1
DA:9,4
DA:10,1
DA:11,0
DA:13,1
DA:17,3
DA:56,1
LF:8
LH:7
BRDA:10,0,0,0
BRDA:10,0,1,1
BRDA:26,1,0,3
BRDA:26,1,1,0
BRDA:33,2,0,3
BRDA:33,2,1,0
BRF:6
BRH:3
end_of_record
TN:
SF:src/containers/NewQuestion.js
FN:14,(anonymous_0)
FN:24,(anonymous_1)
FN:24,(anonymous_2)
FN:25,(anonymous_3)
FN:25,(anonymous_4)
FN:28,(anonymous_5)
FN:44,(anonymous_6)
FN:51,(anonymous_7)
FN:62,(anonymous_8)
FNF:9
FNH:2
FNDA:0,(anonymous_0)
FNDA:0,(anonymous_1)
FNDA:0,(anonymous_2)
FNDA:0,(anonymous_3)
FNDA:0,(anonymous_4)
FNDA:1,(anonymous_5)
FNDA:0,(anonymous_6)
FNDA:0,(anonymous_7)
FNDA:1,(anonymous_8)
DA:9,1
DA:14,1
DA:15,0
DA:18,0
DA:19,0
DA:20,0
DA:21,0
DA:24,1
DA:25,1
DA:29,1
DA:30,0
DA:32,1
DA:44,0
DA:51,0
DA:62,3
LF:15
LH:7
BRDA:29,0,0,0
BRDA:29,0,1,1
BRF:2
BRH:1
end_of_record
TN:
SF:src/containers/ResultPage.js
FN:4,ResultPage
FN:58,(anonymous_1)
FN:60,(anonymous_2)
FN:61,(anonymous_3)
FNF:4
FNH:4
FNDA:1,ResultPage
FNDA:1,(anonymous_1)
FNDA:1,(anonymous_2)
FNDA:1,(anonymous_3)
DA:5,1
DA:6,1
DA:7,1
DA:8,1
DA:9,1
DA:10,1
DA:58,3
DA:59,1
DA:60,1
DA:61,1
DA:63,1
LF:11
LH:11
BRDA:21,0,0,0
BRDA:21,0,1,1
BRDA:22,1,0,1
BRDA:22,1,1,0
BRDA:35,2,0,1
BRDA:35,2,1,0
BRDA:36,3,0,1
BRDA:36,3,1,1
BRDA:59,4,0,1
BRDA:59,4,1,0
BRF:10
BRH:6
end_of_record
TN:
SF:src/containers/ShowQuestion.js
FN:11,(anonymous_0)
FN:27,mapStateToProps
FNF:2
FNH:0
FNDA:0,(anonymous_0)
FNDA:0,mapStateToProps
DA:12,0
DA:13,0
DA:14,0
DA:17,0
DA:28,0
DA:29,0
DA:31,0
LF:7
LH:0
BRDA:13,0,0,0
BRDA:13,0,1,0
BRDA:18,1,0,0
BRDA:18,1,1,0
BRF:4
BRH:0
end_of_record
TN:
SF:src/containers/Signin.js
FN:11,(anonymous_0)
FN:18,(anonymous_1)
FN:18,(anonymous_2)
FN:20,(anonymous_3)
FN:29,(anonymous_4)
FN:32,(anonymous_5)
FN:48,(anonymous_6)
FNF:7
FNH:2
FNDA:0,(anonymous_0)
FNDA:0,(anonymous_1)
FNDA:0,(anonymous_2)
FNDA:2,(anonymous_3)
FNDA:0,(anonymous_4)
FNDA:3,(anonymous_5)
FNDA:0,(anonymous_6)
DA:8,2
DA:11,2
DA:12,0
DA:14,0
DA:15,0
DA:18,2
DA:22,2
DA:29,0
DA:33,3
DA:48,3
LF:10
LH:6
BRF:0
BRH:0
end_of_record
TN:
SF:src/reducers/index.js
FNF:0
FNH:0
LF:0
LH:0
BRF:0
BRH:0
end_of_record
TN:
SF:src/reducers/questions.js
FN:2,(anonymous_0)
FNF:1
FNH:1
FNDA:6,(anonymous_0)
DA:2,2
DA:4,6
DA:6,1
DA:9,1
DA:11,1
DA:22,1
DA:24,1
DA:37,3
LF:8
LH:8
BRDA:2,0,0,4
BRDA:4,1,0,1
BRDA:4,1,1,1
BRDA:4,1,2,1
BRDA:4,1,3,3
BRF:5
BRH:5
end_of_record
TN:
SF:src/reducers/signUser.js
FN:2,signUser
FNF:1
FNH:1
FNDA:5,signUser
DA:3,5
DA:5,1
DA:7,1
DA:9,3
LF:4
LH:4
BRDA:2,0,0,5
BRDA:3,1,0,1
BRDA:3,1,1,1
BRDA:3,1,2,3
BRF:4
BRH:4
end_of_record
TN:
SF:src/reducers/users.js
FN:3,(anonymous_0)
FNF:1
FNH:1
FNDA:6,(anonymous_0)
DA:3,2
DA:5,6
DA:7,1
DA:10,1
DA:19,1
DA:31,3
LF:6
LH:6
BRDA:3,0,0,4
BRDA:5,1,0,1
BRDA:5,1,1,1
BRDA:5,1,2,1
BRDA:5,1,3,3
BRF:5
BRH:5
end_of_record
TN:
SF:src/tests/custom_render.js
FN:6,(anonymous_0)
FN:10,(anonymous_1)
FNF:2
FNH:1
FNDA:1,(anonymous_0)
FNDA:0,(anonymous_1)
DA:6,1
DA:9,1
DA:10,1
DA:11,0
DA:13,1
LF:5
LH:4
BRDA:7,0,0,0
BRF:1
BRH:0
end_of_record
TN:
SF:src/utils/_DATA.js
FN:118,generateUID
FN:122,_getUsers
FN:123,(anonymous_2)
FN:124,(anonymous_3)
FN:128,_getQuestions
FN:129,(anonymous_5)
FN:130,(anonymous_6)
FN:134,formatQuestion
FN:150,_saveQuestion
FN:151,(anonymous_9)
FN:155,(anonymous_10)
FN:174,_saveQuestionAnswer
FN:175,(anonymous_12)
FN:176,(anonymous_13)
FNF:14
FNH:4
FNDA:0,generateUID
FNDA:1,_getUsers
FNDA:1,(anonymous_2)
FNDA:0,(anonymous_3)
FNDA:1,_getQuestions
FNDA:1,(anonymous_5)
FNDA:0,(anonymous_6)
FNDA:0,formatQuestion
FNDA:0,_saveQuestion
FNDA:0,(anonymous_9)
FNDA:0,(anonymous_10)
FNDA:0,_saveQuestionAnswer
FNDA:0,(anonymous_12)
FNDA:0,(anonymous_13)
DA:1,8
DA:37,8
DA:119,0
DA:123,1
DA:124,1
DA:129,1
DA:130,1
DA:135,0
DA:151,0
DA:152,0
DA:153,0
DA:155,0
DA:156,0
DA:161,0
DA:169,0
DA:175,0
DA:176,0
DA:177,0
DA:188,0
DA:199,0
DA:205,8
DA:212,8
LF:22
LH:8
BRF:0
BRH:0
end_of_record
TN:
SF:src/utils/api.js
FN:2,(anonymous_0)
FN:5,(anonymous_1)
FN:10,(anonymous_2)
FN:12,(anonymous_3)
FN:14,(anonymous_4)
FNF:5
FNH:2
FNDA:1,(anonymous_0)
FNDA:0,(anonymous_1)
FNDA:0,(anonymous_2)
FNDA:0,(anonymous_3)
FNDA:12,(anonymous_4)
DA:2,4
DA:3,1
DA:5,0
DA:10,4
DA:12,4
DA:14,12
LF:6
LH:5
BRF:0
BRH:0
end_of_record
